Determining if the pthread_create exist failed with the following output:
Change Dir: /home/adrian/CLionProjects/Proyecto1_Datos2/cmake-build-debug/CMakeFiles/CMakeTmp

Run Build Command(s):/usr/bin/make cmTC_85bcc/fast 
/usr/bin/make -f CMakeFiles/cmTC_85bcc.dir/build.make CMakeFiles/cmTC_85bcc.dir/build
make[1]: Entering directory '/home/adrian/CLionProjects/Proyecto1_Datos2/cmake-build-debug/CMakeFiles/CMakeTmp'
Building C object CMakeFiles/cmTC_85bcc.dir/CheckSymbolExists.c.o
/usr/bin/cc    -o CMakeFiles/cmTC_85bcc.dir/CheckSymbolExists.c.o   -c /home/adrian/CLionProjects/Proyecto1_Datos2/cmake-build-debug/CMakeFiles/CMakeTmp/CheckSymbolExists.c
Linking C executable cmTC_85bcc
/home/adrian/Documents/CLion-2019.2/clion-2019.2/bin/cmake/linux/bin/cmake -E cmake_link_script CMakeFiles/cmTC_85bcc.dir/link.txt --verbose=1
/usr/bin/cc      -rdynamic CMakeFiles/cmTC_85bcc.dir/CheckSymbolExists.c.o  -o cmTC_85bcc 
CMakeFiles/cmTC_85bcc.dir/CheckSymbolExists.c.o: In function `main':
CheckSymbolExists.c:(.text+0x1b): undefined reference to `pthread_create'
collect2: error: ld returned 1 exit status
CMakeFiles/cmTC_85bcc.dir/build.make:86: recipe for target 'cmTC_85bcc' failed
make[1]: *** [cmTC_85bcc] Error 1
make[1]: Leaving directory '/home/adrian/CLionProjects/Proyecto1_Datos2/cmake-build-debug/CMakeFiles/CMakeTmp'
Makefile:121: recipe for target 'cmTC_85bcc/fast' failed
make: *** [cmTC_85bcc/fast] Error 2

File /home/adrian/CLionProjects/Proyecto1_Datos2/cmake-build-debug/CMakeFiles/CMakeTmp/CheckSymbolExists.c:
/* */
#include <pthread.h>

int main(int argc, char** argv)
{
  (void)argv;
#ifndef pthread_create
  return ((int*)(&pthread_create))[argc];
#else
  (void)argc;
  return 0;
#endif
}

Determining if the function pthread_create exists in the pthreads failed with the following output:
Change Dir: /home/adrian/CLionProjects/Proyecto1_Datos2/cmake-build-debug/CMakeFiles/CMakeTmp

Run Build Command(s):/usr/bin/make cmTC_d04fe/fast 
/usr/bin/make -f CMakeFiles/cmTC_d04fe.dir/build.make CMakeFiles/cmTC_d04fe.dir/build
make[1]: Entering directory '/home/adrian/CLionProjects/Proyecto1_Datos2/cmake-build-debug/CMakeFiles/CMakeTmp'
Building C object CMakeFiles/cmTC_d04fe.dir/CheckFunctionExists.c.o
/usr/bin/cc   -DCHECK_FUNCTION_EXISTS=pthread_create   -o CMakeFiles/cmTC_d04fe.dir/CheckFunctionExists.c.o   -c /home/adrian/Documents/CLion-2019.2/clion-2019.2/bin/cmake/linux/share/cmake-3.14/Modules/CheckFunctionExists.c
Linking C executable cmTC_d04fe
/home/adrian/Documents/CLion-2019.2/clion-2019.2/bin/cmake/linux/bin/cmake -E cmake_link_script CMakeFiles/cmTC_d04fe.dir/link.txt --verbose=1
/usr/bin/cc  -DCHECK_FUNCTION_EXISTS=pthread_create    -rdynamic CMakeFiles/cmTC_d04fe.dir/CheckFunctionExists.c.o  -o cmTC_d04fe -lpthreads 
/usr/bin/ld: cannot find -lpthreads
collect2: error: ld returned 1 exit status
CMakeFiles/cmTC_d04fe.dir/build.make:86: recipe for target 'cmTC_d04fe' failed
make[1]: *** [cmTC_d04fe] Error 1
make[1]: Leaving directory '/home/adrian/CLionProjects/Proyecto1_Datos2/cmake-build-debug/CMakeFiles/CMakeTmp'
Makefile:121: recipe for target 'cmTC_d04fe/fast' failed
make: *** [cmTC_d04fe/fast] Error 2


